This file contains any messages produced by compilers while
running configure, to aid debugging if configure makes a mistake.

It was created by Cuba configure 4.2, which was
generated by GNU Autoconf 2.69.  Invocation command line was

  $ ./configure 

## --------- ##
## Platform. ##
## --------- ##

hostname = Bheeshma
uname -m = x86_64
uname -r = 17.7.0
uname -s = Darwin
uname -v = Darwin Kernel Version 17.7.0: Thu Jun 21 22:53:14 PDT 2018; root:xnu-4570.71.2~1/RELEASE_X86_64

/usr/bin/uname -p = i386
/bin/uname -X     = unknown

/bin/arch              = unknown
/usr/bin/arch -k       = unknown
/usr/convex/getsysinfo = unknown
/usr/bin/hostinfo      = Mach kernel version:
	 Darwin Kernel Version 17.7.0: Thu Jun 21 22:53:14 PDT 2018; root:xnu-4570.71.2~1/RELEASE_X86_64
Kernel configured for up to 8 processors.
4 processors are physically available.
8 processors are logically available.
Processor type: x86_64h (Intel x86-64h Haswell)
Processors active: 0 1 2 3 4 5 6 7
Primary memory available: 16.00 gigabytes
Default processor set: 416 tasks, 1958 threads, 8 processors
Load average: 1.60, Mach factor: 6.39
/bin/machine           = unknown
/usr/bin/oslevel       = unknown
/bin/universe          = unknown

PATH: /usr/local/bin
PATH: /Users/naras/anaconda2/bin
PATH: /opt/local/bin
PATH: /opt/local/sbin
PATH: /Users/naras/mosek/8/tools/platform/osx64x86/bin
PATH: /Users/naras/bin
PATH: /usr/local/bin
PATH: /usr/bin
PATH: /bin
PATH: /usr/sbin
PATH: /sbin
PATH: /usr/local/ncbi/blast/bin
PATH: /Library/TeX/texbin
PATH: /usr/local/go/bin
PATH: /usr/local/MacGPG2/bin
PATH: /opt/X11/bin
PATH: /Applications/SiteApps/Julia-0.6.app/Contents/Resources/julia/bin


## ----------- ##
## Core tests. ##
## ----------- ##

configure:2279: checking for gcc
configure:2306: result: /usr/local/clang6/bin/clang
configure:2535: checking for C compiler version
configure:2544: /usr/local/clang6/bin/clang --version >&5
clang version 6.0.0 (tags/RELEASE_600/final)
Target: x86_64-apple-darwin17.7.0
Thread model: posix
InstalledDir: /usr/local/clang6/bin
configure:2555: $? = 0
configure:2544: /usr/local/clang6/bin/clang -v >&5
clang version 6.0.0 (tags/RELEASE_600/final)
Target: x86_64-apple-darwin17.7.0
Thread model: posix
InstalledDir: /usr/local/clang6/bin
configure:2555: $? = 0
configure:2544: /usr/local/clang6/bin/clang -V >&5
clang-6.0: error: argument to '-V' is missing (expected 1 value)
clang-6.0: error: no input files
configure:2555: $? = 1
configure:2544: /usr/local/clang6/bin/clang -qversion >&5
clang-6.0: error: unknown argument: '-qversion'
clang-6.0: error: no input files
configure:2555: $? = 1
configure:2575: checking whether the C compiler works
configure:2597: /usr/local/clang6/bin/clang -Wall -g -O2  -I../../inst/include -fPIC -DR_PACKAGE=1   conftest.c -lm >&5
configure:2601: $? = 0
configure:2649: result: yes
configure:2652: checking for C compiler default output file name
configure:2654: result: a.out
configure:2660: checking for suffix of executables
configure:2667: /usr/local/clang6/bin/clang -o conftest -Wall -g -O2  -I../../inst/include -fPIC -DR_PACKAGE=1   conftest.c -lm >&5
configure:2671: $? = 0
configure:2693: result: 
configure:2715: checking whether we are cross compiling
configure:2723: /usr/local/clang6/bin/clang -o conftest -Wall -g -O2  -I../../inst/include -fPIC -DR_PACKAGE=1   conftest.c -lm >&5
configure:2727: $? = 0
configure:2734: ./conftest
configure:2738: $? = 0
configure:2753: result: no
configure:2758: checking for suffix of object files
configure:2780: /usr/local/clang6/bin/clang -c -Wall -g -O2  -I../../inst/include -fPIC -DR_PACKAGE=1  conftest.c >&5
configure:2784: $? = 0
configure:2805: result: o
configure:2809: checking whether we are using the GNU C compiler
configure:2828: /usr/local/clang6/bin/clang -c -Wall -g -O2  -I../../inst/include -fPIC -DR_PACKAGE=1  conftest.c >&5
configure:2828: $? = 0
configure:2837: result: yes
configure:2846: checking whether /usr/local/clang6/bin/clang accepts -g
configure:2866: /usr/local/clang6/bin/clang -c -g  conftest.c >&5
configure:2866: $? = 0
configure:2907: result: yes
configure:2924: checking for /usr/local/clang6/bin/clang option to accept ISO C89
configure:2987: /usr/local/clang6/bin/clang  -c -Wall -g -O2  -I../../inst/include -fPIC -DR_PACKAGE=1  conftest.c >&5
configure:2987: $? = 0
configure:3000: result: none needed
configure:3073: checking for gfortran
configure:3089: found /usr/local/bin/gfortran
configure:3100: result: gfortran
configure:3126: checking for Fortran compiler version
configure:3135: gfortran --version >&5
GNU Fortran (GCC) 6.3.0
Copyright (C) 2016 Free Software Foundation, Inc.
This is free software; see the source for copying conditions.  There is NO
warranty; not even for MERCHANTABILITY or FITNESS FOR A PARTICULAR PURPOSE.

configure:3146: $? = 0
configure:3135: gfortran -v >&5
Using built-in specs.
COLLECT_GCC=gfortran
COLLECT_LTO_WRAPPER=/usr/local/gfortran/libexec/gcc/x86_64-apple-darwin16/6.3.0/lto-wrapper
Target: x86_64-apple-darwin16
Configured with: ../gcc-6.3.0/configure --prefix=/usr/local/gfortran --enable-languages=c,c++,fortran,objc,obj-c++ --build=x86_64-apple-darwin16 --with-gmp=/Users/fx/devel/gcc/deps-static/x86_64 --with-mpfr=/Users/fx/devel/gcc/deps-static/x86_64 --with-mpc=/Users/fx/devel/gcc/deps-static/x86_64 --with-isl=/Users/fx/devel/gcc/deps-static/x86_64
Thread model: posix
gcc version 6.3.0 (GCC) 
configure:3146: $? = 0
configure:3135: gfortran -V >&5
gfortran: error: unrecognized command line option '-V'
gfortran: fatal error: no input files
compilation terminated.
configure:3146: $? = 1
configure:3135: gfortran -qversion >&5
gfortran: error: unrecognized command line option '-qversion'; did you mean '--version'?
gfortran: fatal error: no input files
compilation terminated.
configure:3146: $? = 1
configure:3155: checking whether we are using the GNU Fortran compiler
configure:3168: gfortran -c   conftest.F >&5
configure:3168: $? = 0
configure:3177: result: yes
configure:3183: checking whether gfortran accepts -g
configure:3194: gfortran -c -g  conftest.f >&5
configure:3194: $? = 0
configure:3202: result: yes
configure:3274: checking for ranlib
configure:3301: result: ranlib
configure:3366: checking for a BSD-compatible install
configure:3434: result: /usr/bin/install -c
configure:3461: checking for an ANSI C-conforming const
configure:3527: /usr/local/clang6/bin/clang -c -Wall -g -O2  -I../../inst/include -fPIC -DR_PACKAGE=1  conftest.c >&5
configure:3527: $? = 0
configure:3534: result: yes
configure:3542: checking for inline
configure:3558: /usr/local/clang6/bin/clang -c -Wall -g -O2  -I../../inst/include -fPIC -DR_PACKAGE=1  conftest.c >&5
conftest.c:11:21: warning: unused function 'static_foo' [-Wunused-function]
static inline foo_t static_foo () {return 0; }
                    ^
1 warning generated.
configure:3558: $? = 0
configure:3566: result: inline
configure:3586: checking for long double with more range or precision than double
configure:3622: /usr/local/clang6/bin/clang -c -Wall -g -O2  -I../../inst/include -fPIC -DR_PACKAGE=1  conftest.c >&5
configure:3622: $? = 0
configure:3629: result: yes
configure:3650: checking how to run the C preprocessor
configure:3681: /usr/local/clang6/bin/clang -E  conftest.c
configure:3681: $? = 0
configure:3695: /usr/local/clang6/bin/clang -E  conftest.c
conftest.c:11:10: fatal error: 'ac_nonexistent.h' file not found
#include <ac_nonexistent.h>
         ^~~~~~~~~~~~~~~~~~
1 error generated.
configure:3695: $? = 1
configure: failed program was:
| /* confdefs.h */
| #define PACKAGE_NAME "Cuba"
| #define PACKAGE_TARNAME "cuba"
| #define PACKAGE_VERSION "4.2"
| #define PACKAGE_STRING "Cuba 4.2"
| #define PACKAGE_BUGREPORT "hahn@feynarts.de"
| #define PACKAGE_URL ""
| #define HAVE_LONG_DOUBLE_WIDER 1
| #define HAVE_LONG_DOUBLE 1
| /* end confdefs.h.  */
| #include <ac_nonexistent.h>
configure:3720: result: /usr/local/clang6/bin/clang -E
configure:3740: /usr/local/clang6/bin/clang -E  conftest.c
configure:3740: $? = 0
configure:3754: /usr/local/clang6/bin/clang -E  conftest.c
conftest.c:11:10: fatal error: 'ac_nonexistent.h' file not found
#include <ac_nonexistent.h>
         ^~~~~~~~~~~~~~~~~~
1 error generated.
configure:3754: $? = 1
configure: failed program was:
| /* confdefs.h */
| #define PACKAGE_NAME "Cuba"
| #define PACKAGE_TARNAME "cuba"
| #define PACKAGE_VERSION "4.2"
| #define PACKAGE_STRING "Cuba 4.2"
| #define PACKAGE_BUGREPORT "hahn@feynarts.de"
| #define PACKAGE_URL ""
| #define HAVE_LONG_DOUBLE_WIDER 1
| #define HAVE_LONG_DOUBLE 1
| /* end confdefs.h.  */
| #include <ac_nonexistent.h>
configure:3783: checking for grep that handles long lines and -e
configure:3841: result: /usr/bin/grep
configure:3846: checking for egrep
configure:3908: result: /usr/bin/grep -E
configure:3913: checking for ANSI C header files
configure:3933: /usr/local/clang6/bin/clang -c -Wall -g -O2  -I../../inst/include -fPIC -DR_PACKAGE=1  conftest.c >&5
configure:3933: $? = 0
configure:4006: /usr/local/clang6/bin/clang -o conftest -Wall -g -O2  -I../../inst/include -fPIC -DR_PACKAGE=1   conftest.c -lm >&5
configure:4006: $? = 0
configure:4006: ./conftest
configure:4006: $? = 0
configure:4017: result: yes
configure:4030: checking for sys/types.h
configure:4030: /usr/local/clang6/bin/clang -c -Wall -g -O2  -I../../inst/include -fPIC -DR_PACKAGE=1  conftest.c >&5
configure:4030: $? = 0
configure:4030: result: yes
configure:4030: checking for sys/stat.h
configure:4030: /usr/local/clang6/bin/clang -c -Wall -g -O2  -I../../inst/include -fPIC -DR_PACKAGE=1  conftest.c >&5
configure:4030: $? = 0
configure:4030: result: yes
configure:4030: checking for stdlib.h
configure:4030: /usr/local/clang6/bin/clang -c -Wall -g -O2  -I../../inst/include -fPIC -DR_PACKAGE=1  conftest.c >&5
configure:4030: $? = 0
configure:4030: result: yes
configure:4030: checking for string.h
configure:4030: /usr/local/clang6/bin/clang -c -Wall -g -O2  -I../../inst/include -fPIC -DR_PACKAGE=1  conftest.c >&5
configure:4030: $? = 0
configure:4030: result: yes
configure:4030: checking for memory.h
configure:4030: /usr/local/clang6/bin/clang -c -Wall -g -O2  -I../../inst/include -fPIC -DR_PACKAGE=1  conftest.c >&5
configure:4030: $? = 0
configure:4030: result: yes
configure:4030: checking for strings.h
configure:4030: /usr/local/clang6/bin/clang -c -Wall -g -O2  -I../../inst/include -fPIC -DR_PACKAGE=1  conftest.c >&5
configure:4030: $? = 0
configure:4030: result: yes
configure:4030: checking for inttypes.h
configure:4030: /usr/local/clang6/bin/clang -c -Wall -g -O2  -I../../inst/include -fPIC -DR_PACKAGE=1  conftest.c >&5
configure:4030: $? = 0
configure:4030: result: yes
configure:4030: checking for stdint.h
configure:4030: /usr/local/clang6/bin/clang -c -Wall -g -O2  -I../../inst/include -fPIC -DR_PACKAGE=1  conftest.c >&5
configure:4030: $? = 0
configure:4030: result: yes
configure:4030: checking for unistd.h
configure:4030: /usr/local/clang6/bin/clang -c -Wall -g -O2  -I../../inst/include -fPIC -DR_PACKAGE=1  conftest.c >&5
configure:4030: $? = 0
configure:4030: result: yes
configure:4042: checking for size_t
configure:4042: /usr/local/clang6/bin/clang -c -Wall -g -O2  -I../../inst/include -fPIC -DR_PACKAGE=1  conftest.c >&5
configure:4042: $? = 0
configure:4042: /usr/local/clang6/bin/clang -c -Wall -g -O2  -I../../inst/include -fPIC -DR_PACKAGE=1  conftest.c >&5
conftest.c:57:21: error: expected expression
if (sizeof ((size_t)))
                    ^
1 error generated.
configure:4042: $? = 1
configure: failed program was:
| /* confdefs.h */
| #define PACKAGE_NAME "Cuba"
| #define PACKAGE_TARNAME "cuba"
| #define PACKAGE_VERSION "4.2"
| #define PACKAGE_STRING "Cuba 4.2"
| #define PACKAGE_BUGREPORT "hahn@feynarts.de"
| #define PACKAGE_URL ""
| #define HAVE_LONG_DOUBLE_WIDER 1
| #define HAVE_LONG_DOUBLE 1
| #define STDC_HEADERS 1
| #define HAVE_SYS_TYPES_H 1
| #define HAVE_SYS_STAT_H 1
| #define HAVE_STDLIB_H 1
| #define HAVE_STRING_H 1
| #define HAVE_MEMORY_H 1
| #define HAVE_STRINGS_H 1
| #define HAVE_INTTYPES_H 1
| #define HAVE_STDINT_H 1
| #define HAVE_UNISTD_H 1
| /* end confdefs.h.  */
| #include <stdio.h>
| #ifdef HAVE_SYS_TYPES_H
| # include <sys/types.h>
| #endif
| #ifdef HAVE_SYS_STAT_H
| # include <sys/stat.h>
| #endif
| #ifdef STDC_HEADERS
| # include <stdlib.h>
| # include <stddef.h>
| #else
| # ifdef HAVE_STDLIB_H
| #  include <stdlib.h>
| # endif
| #endif
| #ifdef HAVE_STRING_H
| # if !defined STDC_HEADERS && defined HAVE_MEMORY_H
| #  include <memory.h>
| # endif
| # include <string.h>
| #endif
| #ifdef HAVE_STRINGS_H
| # include <strings.h>
| #endif
| #ifdef HAVE_INTTYPES_H
| # include <inttypes.h>
| #endif
| #ifdef HAVE_STDINT_H
| # include <stdint.h>
| #endif
| #ifdef HAVE_UNISTD_H
| # include <unistd.h>
| #endif
| int
| main ()
| {
| if (sizeof ((size_t)))
| 	    return 0;
|   ;
|   return 0;
| }
configure:4042: result: yes
configure:4053: checking for ssize_t
configure:4053: /usr/local/clang6/bin/clang -c -Wall -g -O2  -I../../inst/include -fPIC -DR_PACKAGE=1  conftest.c >&5
configure:4053: $? = 0
configure:4053: /usr/local/clang6/bin/clang -c -Wall -g -O2  -I../../inst/include -fPIC -DR_PACKAGE=1  conftest.c >&5
conftest.c:57:22: error: expected expression
if (sizeof ((ssize_t)))
                     ^
1 error generated.
configure:4053: $? = 1
configure: failed program was:
| /* confdefs.h */
| #define PACKAGE_NAME "Cuba"
| #define PACKAGE_TARNAME "cuba"
| #define PACKAGE_VERSION "4.2"
| #define PACKAGE_STRING "Cuba 4.2"
| #define PACKAGE_BUGREPORT "hahn@feynarts.de"
| #define PACKAGE_URL ""
| #define HAVE_LONG_DOUBLE_WIDER 1
| #define HAVE_LONG_DOUBLE 1
| #define STDC_HEADERS 1
| #define HAVE_SYS_TYPES_H 1
| #define HAVE_SYS_STAT_H 1
| #define HAVE_STDLIB_H 1
| #define HAVE_STRING_H 1
| #define HAVE_MEMORY_H 1
| #define HAVE_STRINGS_H 1
| #define HAVE_INTTYPES_H 1
| #define HAVE_STDINT_H 1
| #define HAVE_UNISTD_H 1
| /* end confdefs.h.  */
| #include <stdio.h>
| #ifdef HAVE_SYS_TYPES_H
| # include <sys/types.h>
| #endif
| #ifdef HAVE_SYS_STAT_H
| # include <sys/stat.h>
| #endif
| #ifdef STDC_HEADERS
| # include <stdlib.h>
| # include <stddef.h>
| #else
| # ifdef HAVE_STDLIB_H
| #  include <stdlib.h>
| # endif
| #endif
| #ifdef HAVE_STRING_H
| # if !defined STDC_HEADERS && defined HAVE_MEMORY_H
| #  include <memory.h>
| # endif
| # include <string.h>
| #endif
| #ifdef HAVE_STRINGS_H
| # include <strings.h>
| #endif
| #ifdef HAVE_INTTYPES_H
| # include <inttypes.h>
| #endif
| #ifdef HAVE_STDINT_H
| # include <stdint.h>
| #endif
| #ifdef HAVE_UNISTD_H
| # include <unistd.h>
| #endif
| int
| main ()
| {
| if (sizeof ((ssize_t)))
| 	    return 0;
|   ;
|   return 0;
| }
configure:4053: result: yes
configure:4064: checking for pid_t
configure:4064: /usr/local/clang6/bin/clang -c -Wall -g -O2  -I../../inst/include -fPIC -DR_PACKAGE=1  conftest.c >&5
configure:4064: $? = 0
configure:4064: /usr/local/clang6/bin/clang -c -Wall -g -O2  -I../../inst/include -fPIC -DR_PACKAGE=1  conftest.c >&5
conftest.c:57:20: error: expected expression
if (sizeof ((pid_t)))
                   ^
1 error generated.
configure:4064: $? = 1
configure: failed program was:
| /* confdefs.h */
| #define PACKAGE_NAME "Cuba"
| #define PACKAGE_TARNAME "cuba"
| #define PACKAGE_VERSION "4.2"
| #define PACKAGE_STRING "Cuba 4.2"
| #define PACKAGE_BUGREPORT "hahn@feynarts.de"
| #define PACKAGE_URL ""
| #define HAVE_LONG_DOUBLE_WIDER 1
| #define HAVE_LONG_DOUBLE 1
| #define STDC_HEADERS 1
| #define HAVE_SYS_TYPES_H 1
| #define HAVE_SYS_STAT_H 1
| #define HAVE_STDLIB_H 1
| #define HAVE_STRING_H 1
| #define HAVE_MEMORY_H 1
| #define HAVE_STRINGS_H 1
| #define HAVE_INTTYPES_H 1
| #define HAVE_STDINT_H 1
| #define HAVE_UNISTD_H 1
| /* end confdefs.h.  */
| #include <stdio.h>
| #ifdef HAVE_SYS_TYPES_H
| # include <sys/types.h>
| #endif
| #ifdef HAVE_SYS_STAT_H
| # include <sys/stat.h>
| #endif
| #ifdef STDC_HEADERS
| # include <stdlib.h>
| # include <stddef.h>
| #else
| # ifdef HAVE_STDLIB_H
| #  include <stdlib.h>
| # endif
| #endif
| #ifdef HAVE_STRING_H
| # if !defined STDC_HEADERS && defined HAVE_MEMORY_H
| #  include <memory.h>
| # endif
| # include <string.h>
| #endif
| #ifdef HAVE_STRINGS_H
| # include <strings.h>
| #endif
| #ifdef HAVE_INTTYPES_H
| # include <inttypes.h>
| #endif
| #ifdef HAVE_STDINT_H
| # include <stdint.h>
| #endif
| #ifdef HAVE_UNISTD_H
| # include <unistd.h>
| #endif
| int
| main ()
| {
| if (sizeof ((pid_t)))
| 	    return 0;
|   ;
|   return 0;
| }
configure:4064: result: yes
configure:4078: checking for powl
configure:4078: /usr/local/clang6/bin/clang -o conftest -Wall -g -O2  -I../../inst/include -fPIC -DR_PACKAGE=1   conftest.c -lm >&5
conftest.c:44:6: warning: incompatible redeclaration of library function 'powl' [-Wincompatible-library-redeclaration]
char powl ();
     ^
conftest.c:44:6: note: 'powl' is a builtin with type 'long double (long double, long double)'
1 warning generated.
configure:4078: $? = 0
configure:4078: result: yes
configure:4089: checking for erf
configure:4089: /usr/local/clang6/bin/clang -o conftest -Wall -g -O2  -I../../inst/include -fPIC -DR_PACKAGE=1   conftest.c -lm >&5
conftest.c:45:6: warning: incompatible redeclaration of library function 'erf' [-Wincompatible-library-redeclaration]
char erf ();
     ^
conftest.c:45:6: note: 'erf' is a builtin with type 'double (double)'
1 warning generated.
configure:4089: $? = 0
configure:4089: result: yes
configure:4100: checking vfork.h usability
configure:4100: /usr/local/clang6/bin/clang -c -Wall -g -O2  -I../../inst/include -fPIC -DR_PACKAGE=1  conftest.c >&5
conftest.c:56:10: fatal error: 'vfork.h' file not found
#include <vfork.h>
         ^~~~~~~~~
1 error generated.
configure:4100: $? = 1
configure: failed program was:
| /* confdefs.h */
| #define PACKAGE_NAME "Cuba"
| #define PACKAGE_TARNAME "cuba"
| #define PACKAGE_VERSION "4.2"
| #define PACKAGE_STRING "Cuba 4.2"
| #define PACKAGE_BUGREPORT "hahn@feynarts.de"
| #define PACKAGE_URL ""
| #define HAVE_LONG_DOUBLE_WIDER 1
| #define HAVE_LONG_DOUBLE 1
| #define STDC_HEADERS 1
| #define HAVE_SYS_TYPES_H 1
| #define HAVE_SYS_STAT_H 1
| #define HAVE_STDLIB_H 1
| #define HAVE_STRING_H 1
| #define HAVE_MEMORY_H 1
| #define HAVE_STRINGS_H 1
| #define HAVE_INTTYPES_H 1
| #define HAVE_STDINT_H 1
| #define HAVE_UNISTD_H 1
| #define HAVE_POWL 1
| #define HAVE_ERF 1
| /* end confdefs.h.  */
| #include <stdio.h>
| #ifdef HAVE_SYS_TYPES_H
| # include <sys/types.h>
| #endif
| #ifdef HAVE_SYS_STAT_H
| # include <sys/stat.h>
| #endif
| #ifdef STDC_HEADERS
| # include <stdlib.h>
| # include <stddef.h>
| #else
| # ifdef HAVE_STDLIB_H
| #  include <stdlib.h>
| # endif
| #endif
| #ifdef HAVE_STRING_H
| # if !defined STDC_HEADERS && defined HAVE_MEMORY_H
| #  include <memory.h>
| # endif
| # include <string.h>
| #endif
| #ifdef HAVE_STRINGS_H
| # include <strings.h>
| #endif
| #ifdef HAVE_INTTYPES_H
| # include <inttypes.h>
| #endif
| #ifdef HAVE_STDINT_H
| # include <stdint.h>
| #endif
| #ifdef HAVE_UNISTD_H
| # include <unistd.h>
| #endif
| #include <vfork.h>
configure:4100: result: no
configure:4100: checking vfork.h presence
configure:4100: /usr/local/clang6/bin/clang -E  conftest.c
conftest.c:23:10: fatal error: 'vfork.h' file not found
#include <vfork.h>
         ^~~~~~~~~
1 error generated.
configure:4100: $? = 1
configure: failed program was:
| /* confdefs.h */
| #define PACKAGE_NAME "Cuba"
| #define PACKAGE_TARNAME "cuba"
| #define PACKAGE_VERSION "4.2"
| #define PACKAGE_STRING "Cuba 4.2"
| #define PACKAGE_BUGREPORT "hahn@feynarts.de"
| #define PACKAGE_URL ""
| #define HAVE_LONG_DOUBLE_WIDER 1
| #define HAVE_LONG_DOUBLE 1
| #define STDC_HEADERS 1
| #define HAVE_SYS_TYPES_H 1
| #define HAVE_SYS_STAT_H 1
| #define HAVE_STDLIB_H 1
| #define HAVE_STRING_H 1
| #define HAVE_MEMORY_H 1
| #define HAVE_STRINGS_H 1
| #define HAVE_INTTYPES_H 1
| #define HAVE_STDINT_H 1
| #define HAVE_UNISTD_H 1
| #define HAVE_POWL 1
| #define HAVE_ERF 1
| /* end confdefs.h.  */
| #include <vfork.h>
configure:4100: result: no
configure:4100: checking for vfork.h
configure:4100: result: no
configure:4113: checking for fork
configure:4113: /usr/local/clang6/bin/clang -o conftest -Wall -g -O2  -I../../inst/include -fPIC -DR_PACKAGE=1   conftest.c -lm >&5
configure:4113: $? = 0
configure:4113: result: yes
configure:4113: checking for vfork
configure:4113: /usr/local/clang6/bin/clang -o conftest -Wall -g -O2  -I../../inst/include -fPIC -DR_PACKAGE=1   conftest.c -lm >&5
conftest.c:47:6: warning: incompatible redeclaration of library function 'vfork' [-Wincompatible-library-redeclaration]
char vfork ();
     ^
conftest.c:47:6: note: 'vfork' is a builtin with type 'int (void)'
1 warning generated.
configure:4113: $? = 0
configure:4113: result: yes
configure:4123: checking for working fork
configure:4145: /usr/local/clang6/bin/clang -o conftest -Wall -g -O2  -I../../inst/include -fPIC -DR_PACKAGE=1   conftest.c -lm >&5
configure:4145: $? = 0
configure:4145: ./conftest
configure:4145: $? = 0
configure:4155: result: yes
configure:4176: checking for working vfork
configure:4286: result: yes
configure:4313: checking for working alloca.h
configure:4330: /usr/local/clang6/bin/clang -o conftest -Wall -g -O2  -I../../inst/include -fPIC -DR_PACKAGE=1   conftest.c -lm >&5
configure:4330: $? = 0
configure:4338: result: yes
configure:4346: checking for alloca
configure:4383: /usr/local/clang6/bin/clang -o conftest -Wall -g -O2  -I../../inst/include -fPIC -DR_PACKAGE=1   conftest.c -lm >&5
configure:4383: $? = 0
configure:4391: result: yes
configure:4503: checking build system type
configure:4517: result: x86_64-apple-darwin17.7.0
configure:4537: checking host system type
configure:4550: result: x86_64-apple-darwin17.7.0
configure:4577: checking for shmget
configure:4577: /usr/local/clang6/bin/clang -o conftest -Wall -g -O2  -I../../inst/include -fPIC -DR_PACKAGE=1   conftest.c -lm >&5
configure:4577: $? = 0
configure:4577: result: yes
configure:4590: checking for getloadavg
configure:4590: /usr/local/clang6/bin/clang -o conftest -Wall -g -O2  -I../../inst/include -fPIC -DR_PACKAGE=1   conftest.c -lm >&5
configure:4590: $? = 0
configure:4590: result: yes
configure:4639: checking for variable-size arrays
configure:4645: /usr/local/clang6/bin/clang -c -Wall -g -O2  -I../../inst/include -fPIC -DR_PACKAGE=1  conftest.c >&5
configure:4645: $? = 0
configure:4646: result: yes
configure:4665: checking for MathLink
configure:4699: result: no
configure:4709: checking for qmake
configure:4725: found /Users/naras/anaconda2/bin/qmake
configure:4736: result: qmake
configure:4879: creating ./config.status

## ---------------------- ##
## Running config.status. ##
## ---------------------- ##

This file was extended by Cuba config.status 4.2, which was
generated by GNU Autoconf 2.69.  Invocation command line was

  CONFIG_FILES    = 
  CONFIG_HEADERS  = 
  CONFIG_LINKS    = 
  CONFIG_COMMANDS = 
  $ ./config.status 

on Bheeshma

config.status:834: creating makefile
config.status:834: creating config.h
config.status:1009: config.h is unchanged

## ---------------- ##
## Cache variables. ##
## ---------------- ##

ac_cv_build=x86_64-apple-darwin17.7.0
ac_cv_c_compiler_gnu=yes
ac_cv_c_const=yes
ac_cv_c_inline=inline
ac_cv_c_long_double=yes
ac_cv_env_CC_set=set
ac_cv_env_CC_value=/usr/local/clang6/bin/clang
ac_cv_env_CFLAGS_set=set
ac_cv_env_CFLAGS_value='-Wall -g -O2  -I../../inst/include -fPIC -DR_PACKAGE=1'
ac_cv_env_CPPFLAGS_set=
ac_cv_env_CPPFLAGS_value=
ac_cv_env_CPP_set=
ac_cv_env_CPP_value=
ac_cv_env_FCFLAGS_set=
ac_cv_env_FCFLAGS_value=
ac_cv_env_FC_set=
ac_cv_env_FC_value=
ac_cv_env_LDFLAGS_set=
ac_cv_env_LDFLAGS_value=
ac_cv_env_LIBS_set=
ac_cv_env_LIBS_value=
ac_cv_env_MCFLAGS_set=
ac_cv_env_MCFLAGS_value=
ac_cv_env_build_alias_set=
ac_cv_env_build_alias_value=
ac_cv_env_host_alias_set=
ac_cv_env_host_alias_value=
ac_cv_env_target_alias_set=
ac_cv_env_target_alias_value=
ac_cv_fc_compiler_gnu=yes
ac_cv_func_alloca_works=yes
ac_cv_func_erf=yes
ac_cv_func_fork=yes
ac_cv_func_fork_works=yes
ac_cv_func_getloadavg=yes
ac_cv_func_powl=yes
ac_cv_func_shmget=yes
ac_cv_func_vfork=yes
ac_cv_func_vfork_works=yes
ac_cv_header_inttypes_h=yes
ac_cv_header_memory_h=yes
ac_cv_header_stdc=yes
ac_cv_header_stdint_h=yes
ac_cv_header_stdlib_h=yes
ac_cv_header_string_h=yes
ac_cv_header_strings_h=yes
ac_cv_header_sys_stat_h=yes
ac_cv_header_sys_types_h=yes
ac_cv_header_unistd_h=yes
ac_cv_header_vfork_h=no
ac_cv_host=x86_64-apple-darwin17.7.0
ac_cv_objext=o
ac_cv_path_EGREP='/usr/bin/grep -E'
ac_cv_path_GREP=/usr/bin/grep
ac_cv_path_install='/usr/bin/install -c'
ac_cv_prog_CPP='/usr/local/clang6/bin/clang -E'
ac_cv_prog_HAVE_QMAKE=qmake
ac_cv_prog_ac_ct_CC=/usr/local/clang6/bin/clang
ac_cv_prog_ac_ct_FC=gfortran
ac_cv_prog_ac_ct_RANLIB=ranlib
ac_cv_prog_cc_c89=
ac_cv_prog_cc_g=yes
ac_cv_prog_fc_g=yes
ac_cv_type_long_double_wider=yes
ac_cv_type_pid_t=yes
ac_cv_type_size_t=yes
ac_cv_type_ssize_t=yes
ac_cv_working_alloca_h=yes

## ----------------- ##
## Output variables. ##
## ----------------- ##

ALLOCA=''
CC='/usr/local/clang6/bin/clang'
CFLAGS='-Wall -g -O2  -I../../inst/include -fPIC -DR_PACKAGE=1'
CPP='/usr/local/clang6/bin/clang -E'
CPPFLAGS=''
DEFS='-DHAVE_CONFIG_H'
DEMO_FORTRAN_DEFAULT='demo-fortran'
ECHO_C='\c'
ECHO_N=''
ECHO_T=''
EGREP='/usr/bin/grep -E'
EXEEXT=''
FC='gfortran'
FCFLAGS='-g -O2'
GREP='/usr/bin/grep'
HAVE_QMAKE='qmake'
INSTALL_DATA='${INSTALL} -m 644'
INSTALL_PROGRAM='${INSTALL}'
INSTALL_SCRIPT='${INSTALL}'
LDFLAGS=''
LIBOBJS=''
LIBS='-lm'
LTLIBOBJS=''
MATH_DEFAULT=''
MCFLAGS=''
MCSTDCPP='-stdlib=libstdc++'
OBJEXT='o'
PACKAGE_BUGREPORT='hahn@feynarts.de'
PACKAGE_NAME='Cuba'
PACKAGE_STRING='Cuba 4.2'
PACKAGE_TARNAME='cuba'
PACKAGE_URL=''
PACKAGE_VERSION='4.2'
PATH_SEPARATOR=':'
RANLIB='ranlib'
REALSIZE='8'
SHELL='/bin/sh'
SUFFIX=''
TOOLS_DEFAULT=''
ac_ct_CC='/usr/local/clang6/bin/clang'
ac_ct_FC='gfortran'
bindir='${exec_prefix}/bin'
build='x86_64-apple-darwin17.7.0'
build_alias=''
build_cpu='x86_64'
build_os='darwin17.7.0'
build_vendor='apple'
datadir='${datarootdir}'
datarootdir='${prefix}/share'
docdir='${datarootdir}/doc/${PACKAGE_TARNAME}'
dvidir='${docdir}'
exec_prefix='${prefix}'
host='x86_64-apple-darwin17.7.0'
host_alias=''
host_cpu='x86_64'
host_os='darwin17.7.0'
host_vendor='apple'
htmldir='${docdir}'
includedir='${prefix}/include'
infodir='${datarootdir}/info'
libdir='${exec_prefix}/lib'
libexecdir='${exec_prefix}/libexec'
localedir='${datarootdir}/locale'
localstatedir='${prefix}/var'
mandir='${datarootdir}/man'
oldincludedir='/usr/include'
pdfdir='${docdir}'
prefix='/usr/local'
program_transform_name='s,x,x,'
psdir='${docdir}'
sbindir='${exec_prefix}/sbin'
sharedstatedir='${prefix}/com'
sysconfdir='${prefix}/etc'
target_alias=''

## ----------- ##
## confdefs.h. ##
## ----------- ##

/* confdefs.h */
#define PACKAGE_NAME "Cuba"
#define PACKAGE_TARNAME "cuba"
#define PACKAGE_VERSION "4.2"
#define PACKAGE_STRING "Cuba 4.2"
#define PACKAGE_BUGREPORT "hahn@feynarts.de"
#define PACKAGE_URL ""
#define HAVE_LONG_DOUBLE_WIDER 1
#define HAVE_LONG_DOUBLE 1
#define STDC_HEADERS 1
#define HAVE_SYS_TYPES_H 1
#define HAVE_SYS_STAT_H 1
#define HAVE_STDLIB_H 1
#define HAVE_STRING_H 1
#define HAVE_MEMORY_H 1
#define HAVE_STRINGS_H 1
#define HAVE_INTTYPES_H 1
#define HAVE_STDINT_H 1
#define HAVE_UNISTD_H 1
#define HAVE_POWL 1
#define HAVE_ERF 1
#define HAVE_FORK 1
#define HAVE_VFORK 1
#define HAVE_WORKING_VFORK 1
#define HAVE_WORKING_FORK 1
#define HAVE_ALLOCA_H 1
#define HAVE_ALLOCA 1
#define HAVE_SHMGET 1
#define HAVE_GETLOADAVG 1

configure: exit 0
